2025-11-07 11:06:11,475 - RP_solo_ver2_3 - INFO - 数据读取
2025-11-07 13:21:28,260 - RP_solo_ver2_3 - INFO - ==================================================
读取调仓日成功，调仓日期:
date_example:2013-01-31 00:00:00
date_example:2014-01-30 00:00:00
date_example:2015-01-30 00:00:00...
==================================================
2025-11-07 13:21:36,807 - RP_solo_ver2_3 - INFO - 回测，日期为：2013-01-31 00:00:00，产品为：['000300.SH', '000905.SH', '000852.SH', 'SPX.GI', 'CBA08202.CS', '931552.CSI', 'AU9999.SGE', 'M.DCE']，权重为：[0.01703540628631411, 0.01447688338767215, 0.014092754069254409, 0.0571168273680643, 0.12977345039575203, 0.7211748144409197, 0.0303657721736319, 0.015964091878391495]
2025-11-07 13:21:45,002 - RP_solo_ver2_3 - INFO - 回测，日期为：2014-01-30 00:00:00，产品为：['000300.SH', '000905.SH', '000852.SH', 'SPX.GI', 'CBA08202.CS', '931552.CSI', 'AU9999.SGE', 'M.DCE']，权重为：[0.014940758200516876, 0.013623082747985881, 0.014019850775995851, 0.06927534054421636, 0.08115426283779369, 0.7683775703485647, 0.01722238849297669, 0.02138674605195001]
2025-11-07 13:22:44,286 - RP_solo_ver2_3 - INFO - ==================================================
读取调仓日成功，调仓日期:
date_example:2013-01-31 00:00:00
date_example:2014-01-30 00:00:00
date_example:2015-01-30 00:00:00...
==================================================
2025-11-07 13:22:52,539 - RP_solo_ver2_3 - INFO - 回测，日期为：2013-01-31 00:00:00，产品为：['000300.SH', '000905.SH', '000852.SH', 'SPX.GI', 'CBA08202.CS', '931552.CSI', 'AU9999.SGE', 'M.DCE']，权重为：[0.016986504011300165, 0.014414046421216692, 0.014011549882676527, 0.056750292795180735, 0.12936707606433734, 0.7223266082944645, 0.03024499241539512, 0.01589893011542896]
2025-11-07 13:23:01,143 - RP_solo_ver2_3 - INFO - 回测，日期为：2014-01-30 00:00:00，产品为：['000300.SH', '000905.SH', '000852.SH', 'SPX.GI', 'CBA08202.CS', '931552.CSI', 'AU9999.SGE', 'M.DCE']，权重为：[0.01490089011597776, 0.013606382707788932, 0.014033766974310862, 0.06930982254917896, 0.08153762662112649, 0.7680256192058018, 0.017180324902527418, 0.021405566923287767]
2025-11-07 13:23:16,480 - RP_solo_ver2_3 - INFO - 回测，日期为：2015-01-30 00:00:00，产品为：['000300.SH', '000905.SH', '000852.SH', 'SPX.GI', 'CBA08202.CS', '931552.CSI', 'AU9999.SGE', 'M.DCE']，权重为：[0.01525246794611916, 0.014313679971227778, 0.014122390565527955, 0.06109367102505857, 0.07572319436360478, 0.7854872049015488, 0.016985368172368093, 0.017022023054544897]
2025-11-07 13:23:26,607 - RP_solo_ver2_3 - INFO - 回测，日期为：2016-01-29 00:00:00，产品为：['000300.SH', '000905.SH', '000852.SH', 'SPX.GI', 'CBA08202.CS', '931552.CSI', 'AU9999.SGE', 'M.DCE']，权重为：[0.011382970377616534, 0.010596589690581634, 0.01005996980452059, 0.04017339261405616, 0.06854272224261967, 0.827010973626474, 0.015877290591753242, 0.016356091052378167]
2025-11-07 13:23:36,733 - RP_solo_ver2_3 - INFO - 回测，日期为：2017-01-26 00:00:00，产品为：['000300.SH', '000905.SH', '000852.SH', 'SPX.GI', 'CBA08202.CS', '931552.CSI', 'AU9999.SGE', 'M.DCE']，权重为：[0.012108314023903603, 0.010709458787225776, 0.010077510707540507, 0.04643460772029125, 0.07551133290779859, 0.8027082916601272, 0.022278301762264634, 0.020172182430848458]
2025-11-07 13:23:46,969 - RP_solo_ver2_3 - INFO - 回测，日期为：2018-01-31 00:00:00，产品为：['000300.SH', '000905.SH', '000852.SH', 'SPX.GI', 'CBA08202.CS', '931552.CSI', 'AU9999.SGE', 'M.DCE']，权重为：[0.013724849026320358, 0.011543041441437056, 0.01048070576641872, 0.05270467538935875, 0.07603254656376453, 0.789526445352286, 0.02477886382187346, 0.021208872638541085]
2025-11-07 13:23:56,936 - RP_solo_ver2_3 - INFO - 回测，日期为：2019-01-31 00:00:00，产品为：['000300.SH', '000905.SH', '000852.SH', 'SPX.GI', 'CBA08202.CS', '931552.CSI', 'AU9999.SGE', 'M.DCE']，权重为：[0.012727638553386218, 0.010803389839300511, 0.009739426966704287, 0.039671679056767536, 0.07700816306971707, 0.805542144169643, 0.025359635475121645, 0.019147922869359835]
2025-11-07 13:24:07,183 - RP_solo_ver2_3 - INFO - 回测，日期为：2020-01-23 00:00:00，产品为：['000300.SH', '000905.SH', '000852.SH', 'SPX.GI', 'CBA08202.CS', '931552.CSI', 'AU9999.SGE', 'M.DCE']，权重为：[0.012828543294222238, 0.010854211123527354, 0.009844641040595778, 0.03820562120064244, 0.07717723590736236, 0.8057984256836676, 0.025933038330681155, 0.019358283419301132]
2025-11-07 13:24:07,191 - RP_solo_ver2_3 - INFO - 回测完成
2025-11-07 13:33:02,490 - RP_solo_ver2_3 - INFO - ==================================================
读取调仓日成功，调仓日期:
date_example:2013-01-31 00:00:00
date_example:2014-01-30 00:00:00
date_example:2015-01-30 00:00:00...
==================================================
2025-11-07 13:33:05,634 - RP_solo_ver2_3 - INFO - 回测，日期为：2013-01-31 00:00:00，产品为：['Growth_up', 'Growth_down', 'fluent_up', 'fluent_down', 'inflation_up', 'inflation_down']，权重为：[0.01877474201571317, 0.46522464777891953, 0.17219294507427796, 0.018946168858526014, 0.3084477787913017, 0.016413717481261726]
2025-11-07 13:33:10,455 - RP_solo_ver2_3 - INFO - 回测，日期为：2014-01-30 00:00:00，产品为：['Growth_up', 'Growth_down', 'fluent_up', 'fluent_down', 'inflation_up', 'inflation_down']，权重为：[0.030996043609837678, 0.5306703093573758, 0.1926463734198939, 0.03163773054468799, 0.18716221617219503, 0.026887326896009662]
2025-11-07 13:33:15,754 - RP_solo_ver2_3 - INFO - 回测，日期为：2015-01-30 00:00:00，产品为：['Growth_up', 'Growth_down', 'fluent_up', 'fluent_down', 'inflation_up', 'inflation_down']，权重为：[0.0315584553148079, 0.5372209630290479, 0.18108687232316786, 0.03221421640727664, 0.19037047913536312, 0.027549013790336595]
2025-11-07 13:33:21,010 - RP_solo_ver2_3 - INFO - 回测，日期为：2016-01-29 00:00:00，产品为：['Growth_up', 'Growth_down', 'fluent_up', 'fluent_down', 'inflation_up', 'inflation_down']，权重为：[0.027177414388573205, 0.5406894683035455, 0.18110264000532653, 0.027583011920465892, 0.1992916866308611, 0.024155778751227854]
2025-11-07 13:33:25,977 - RP_solo_ver2_3 - INFO - 回测，日期为：2017-01-26 00:00:00，产品为：['Growth_up', 'Growth_down', 'fluent_up', 'fluent_down', 'inflation_up', 'inflation_down']，权重为：[0.02454098616645925, 0.5078728737693264, 0.1792104875359584, 0.024892129786323894, 0.24120465802203525, 0.02227886471989692]
2025-11-07 13:33:30,850 - RP_solo_ver2_3 - INFO - 回测，日期为：2018-01-31 00:00:00，产品为：['Growth_up', 'Growth_down', 'fluent_up', 'fluent_down', 'inflation_up', 'inflation_down']，权重为：[0.02555558332733527, 0.49263258752874767, 0.17300468511917758, 0.025976799536601283, 0.2590239117693621, 0.023806432718775944]
2025-11-07 13:33:35,604 - RP_solo_ver2_3 - INFO - 回测，日期为：2019-01-31 00:00:00，产品为：['Growth_up', 'Growth_down', 'fluent_up', 'fluent_down', 'inflation_up', 'inflation_down']，权重为：[0.023785708798046038, 0.4952911636571699, 0.1719807091251278, 0.024146050686823406, 0.262471688594252, 0.02232467913858086]
2025-11-07 13:33:40,238 - RP_solo_ver2_3 - INFO - 回测，日期为：2020-01-23 00:00:00，产品为：['Growth_up', 'Growth_down', 'fluent_up', 'fluent_down', 'inflation_up', 'inflation_down']，权重为：[0.023782604674469777, 0.49350466267185505, 0.17136334464958614, 0.02407231211935922, 0.26494952334978655, 0.022327552534943326]
2025-11-07 13:33:40,245 - RP_solo_ver2_3 - INFO - 回测完成
2025-11-07 13:42:10,332 - RP_solo_ver2_3 - INFO - ==================================================
读取调仓日成功，调仓日期:
date_example:2013-01-31 00:00:00
date_example:2014-01-30 00:00:00
date_example:2015-01-30 00:00:00...
==================================================
2025-11-07 13:42:18,911 - RP_solo_ver2_3 - INFO - 回测，日期为：2013-01-31 00:00:00，产品为：['000300.SH', '000905.SH', '000852.SH', 'SPX.GI', 'CBA08202.CS', '931552.CSI', 'AU9999.SGE', 'M.DCE']，权重为：[0.017076787639948077, 0.01439238686516128, 0.014061496652102214, 0.05689651499354642, 0.13016153796982044, 0.7212511411761974, 0.03029423016511759, 0.01586590453810649]
2025-11-07 13:42:27,375 - RP_solo_ver2_3 - INFO - 回测，日期为：2014-01-30 00:00:00，产品为：['000300.SH', '000905.SH', '000852.SH', 'SPX.GI', 'CBA08202.CS', '931552.CSI', 'AU9999.SGE', 'M.DCE']，权重为：[0.01481558819687095, 0.013620323413240931, 0.014031329305709744, 0.06918487260257432, 0.081231615738633, 0.7685293731083868, 0.017221061694430335, 0.02136583594015403]
2025-11-07 13:42:36,628 - RP_solo_ver2_3 - INFO - 回测，日期为：2015-01-30 00:00:00，产品为：['000300.SH', '000905.SH', '000852.SH', 'SPX.GI', 'CBA08202.CS', '931552.CSI', 'AU9999.SGE', 'M.DCE']，权重为：[0.015281399979569586, 0.014339642093000456, 0.01415901480696264, 0.061461770805868905, 0.07562323362805884, 0.7850480186147959, 0.01708780977471246, 0.016999110297031286]
2025-11-07 13:42:46,117 - RP_solo_ver2_3 - INFO - 回测，日期为：2016-01-29 00:00:00，产品为：['000300.SH', '000905.SH', '000852.SH', 'SPX.GI', 'CBA08202.CS', '931552.CSI', 'AU9999.SGE', 'M.DCE']，权重为：[0.011335049676967213, 0.010677640095039168, 0.010097780886499028, 0.04035237861221554, 0.06838455942228924, 0.8267931605726746, 0.015895308702835398, 0.016464122031479702]
2025-11-07 13:42:55,829 - RP_solo_ver2_3 - INFO - 回测，日期为：2017-01-26 00:00:00，产品为：['000300.SH', '000905.SH', '000852.SH', 'SPX.GI', 'CBA08202.CS', '931552.CSI', 'AU9999.SGE', 'M.DCE']，权重为：[0.012107561809525838, 0.010722369593595932, 0.0100277333479488, 0.04660755971247127, 0.07522160022077287, 0.8029091348681313, 0.02227729940505814, 0.020126741042495906]
2025-11-07 13:43:09,500 - RP_solo_ver2_3 - INFO - 回测，日期为：2018-01-31 00:00:00，产品为：['000300.SH', '000905.SH', '000852.SH', 'SPX.GI', 'CBA08202.CS', '931552.CSI', 'AU9999.SGE', 'M.DCE']，权重为：[0.013705236945555114, 0.011501607374739996, 0.010440418289841831, 0.052681984584516325, 0.07558657292263898, 0.7900712593321411, 0.02484069096885361, 0.021172229581713116]
2025-11-07 13:43:22,937 - RP_solo_ver2_3 - INFO - 回测，日期为：2019-01-31 00:00:00，产品为：['000300.SH', '000905.SH', '000852.SH', 'SPX.GI', 'CBA08202.CS', '931552.CSI', 'AU9999.SGE', 'M.DCE']，权重为：[0.012766872174161337, 0.010782552920264163, 0.009704285863587968, 0.03983061276040192, 0.07702559032287673, 0.8051643726723654, 0.025504651205873308, 0.019221062080469177]
2025-11-07 13:43:32,798 - RP_solo_ver2_3 - INFO - 回测，日期为：2020-01-23 00:00:00，产品为：['000300.SH', '000905.SH', '000852.SH', 'SPX.GI', 'CBA08202.CS', '931552.CSI', 'AU9999.SGE', 'M.DCE']，权重为：[0.012901285100646118, 0.010857835478354852, 0.009852073371785295, 0.038356714387571725, 0.0772866087316755, 0.8055660429580146, 0.025872011039162434, 0.01930742893278941]
2025-11-07 13:43:47,261 - RP_solo_ver2_3 - INFO - 回测，日期为：2021-01-29 00:00:00，产品为：['000300.SH', '000905.SH', '000852.SH', 'SPX.GI', 'CBA08202.CS', '931552.CSI', 'AU9999.SGE', 'M.DCE']，权重为：[0.016083273314190273, 0.013571849242348095, 0.012330750850516976, 0.0386680379843878, 0.09245689316063595, 0.7704096724359304, 0.03164430817160491, 0.024835214840385714]
2025-11-07 13:43:57,888 - RP_solo_ver2_3 - INFO - 回测，日期为：2022-01-28 00:00:00，产品为：['000300.SH', '000905.SH', '000852.SH', 'SPX.GI', 'CBA08202.CS', '931552.CSI', 'AU9999.SGE', 'M.DCE']，权重为：[0.015801372255707692, 0.013537742598499011, 0.012182699432555667, 0.03757381789061809, 0.09129636206024472, 0.7758666735747295, 0.02962838412907334, 0.02411294805857208]
2025-11-07 13:44:07,855 - RP_solo_ver2_3 - INFO - 回测，日期为：2023-01-31 00:00:00，产品为：['000300.SH', '000905.SH', '000852.SH', 'SPX.GI', 'CBA08202.CS', '931552.CSI', 'AU9999.SGE', 'M.DCE']，权重为：[0.015500161098098517, 0.012968765139794251, 0.011528657730397518, 0.030317950426793302, 0.09190127247895294, 0.783217146379998, 0.031055272907660803, 0.023510773838304713]
2025-11-07 13:44:19,246 - RP_solo_ver2_3 - INFO - 回测，日期为：2024-01-31 00:00:00，产品为：['000300.SH', '000905.SH', '000852.SH', 'SPX.GI', 'CBA08202.CS', '931552.CSI', 'AU9999.SGE', 'M.DCE']，权重为：[0.015234891454211618, 0.01306162916498927, 0.011532720592605104, 0.029702308481725278, 0.09296921515918947, 0.7843684051481489, 0.03095061806218173, 0.022180211936948694]
2025-11-07 13:44:19,256 - RP_solo_ver2_3 - INFO - 回测完成
2025-11-07 13:44:49,884 - RP_solo_ver2_3 - INFO - ==================================================
读取调仓日成功，调仓日期:
date_example:2013-01-31 00:00:00
date_example:2014-01-30 00:00:00
date_example:2015-01-30 00:00:00...
==================================================
2025-11-07 13:44:53,195 - RP_solo_ver2_3 - INFO - 回测，日期为：2013-01-31 00:00:00，产品为：['Growth_up', 'Growth_down', 'fluent_up', 'fluent_down', 'inflation_up', 'inflation_down']，权重为：[0.018629697935639296, 0.4663514695066198, 0.171239922870343, 0.019148037673195364, 0.3084448014682831, 0.01618607054591943]
2025-11-07 13:44:58,294 - RP_solo_ver2_3 - INFO - 回测，日期为：2014-01-30 00:00:00，产品为：['Growth_up', 'Growth_down', 'fluent_up', 'fluent_down', 'inflation_up', 'inflation_down']，权重为：[0.031027229448607117, 0.5303279895801797, 0.19257656440779686, 0.031723471157754826, 0.18738336541785994, 0.026961379987801536]
2025-11-07 13:45:03,940 - RP_solo_ver2_3 - INFO - 回测，日期为：2015-01-30 00:00:00，产品为：['Growth_up', 'Growth_down', 'fluent_up', 'fluent_down', 'inflation_up', 'inflation_down']，权重为：[0.03141560303806558, 0.5364529280293088, 0.1812108320932893, 0.03222433097450211, 0.19116273732745742, 0.027533568537376752]
2025-11-07 13:45:09,354 - RP_solo_ver2_3 - INFO - 回测，日期为：2016-01-29 00:00:00，产品为：['Growth_up', 'Growth_down', 'fluent_up', 'fluent_down', 'inflation_up', 'inflation_down']，权重为：[0.0271303777955827, 0.5410210880624357, 0.1810958007716272, 0.027613341279687256, 0.19897845789795662, 0.024160934192710544]
2025-11-07 13:45:14,477 - RP_solo_ver2_3 - INFO - 回测，日期为：2017-01-26 00:00:00，产品为：['Growth_up', 'Growth_down', 'fluent_up', 'fluent_down', 'inflation_up', 'inflation_down']，权重为：[0.024500875528181636, 0.5079158652603535, 0.17825536704450792, 0.024883419579048466, 0.24217753111806747, 0.022266941469840932]
2025-11-07 13:45:19,546 - RP_solo_ver2_3 - INFO - 回测，日期为：2018-01-31 00:00:00，产品为：['Growth_up', 'Growth_down', 'fluent_up', 'fluent_down', 'inflation_up', 'inflation_down']，权重为：[0.025534892523017414, 0.4933501203697956, 0.17223297325391038, 0.025905044031535877, 0.2592116466447914, 0.023765323176949443]
2025-11-07 13:45:24,445 - RP_solo_ver2_3 - INFO - 回测，日期为：2019-01-31 00:00:00，产品为：['Growth_up', 'Growth_down', 'fluent_up', 'fluent_down', 'inflation_up', 'inflation_down']，权重为：[0.02384468488439857, 0.495112593069551, 0.1720805590885127, 0.024165387418597438, 0.2625511236327907, 0.02224565190614966]
2025-11-07 13:45:29,088 - RP_solo_ver2_3 - INFO - 回测，日期为：2020-01-23 00:00:00，产品为：['Growth_up', 'Growth_down', 'fluent_up', 'fluent_down', 'inflation_up', 'inflation_down']，权重为：[0.023760717160813762, 0.49281026472680184, 0.17169032089836075, 0.024059062533491722, 0.2653704556821327, 0.022309178998399258]
2025-11-07 13:45:33,641 - RP_solo_ver2_3 - INFO - 回测，日期为：2021-01-29 00:00:00，产品为：['Growth_up', 'Growth_down', 'fluent_up', 'fluent_down', 'inflation_up', 'inflation_down']，权重为：[0.024962272569007276, 0.4750877124144913, 0.1738958510993261, 0.02544580033116669, 0.2768003627275297, 0.023808000858479002]
2025-11-07 13:45:38,282 - RP_solo_ver2_3 - INFO - 回测，日期为：2022-01-28 00:00:00，产品为：['Growth_up', 'Growth_down', 'fluent_up', 'fluent_down', 'inflation_up', 'inflation_down']，权重为：[0.025182862684870688, 0.47983907241705787, 0.17460630635917332, 0.0255512019150933, 0.2709446840507089, 0.02387587257309584]
2025-11-07 13:45:42,633 - RP_solo_ver2_3 - INFO - 回测，日期为：2023-01-31 00:00:00，产品为：['Growth_up', 'Growth_down', 'fluent_up', 'fluent_down', 'inflation_up', 'inflation_down']，权重为：[0.02374479027110093, 0.47689679104970095, 0.17376458763403543, 0.02414550800623123, 0.278615145935251, 0.022833177103680463]
2025-11-07 13:45:46,993 - RP_solo_ver2_3 - INFO - 回测，日期为：2024-01-31 00:00:00，产品为：['Growth_up', 'Growth_down', 'fluent_up', 'fluent_down', 'inflation_up', 'inflation_down']，权重为：[0.023721633631773882, 0.4785898808923587, 0.17333308517885743, 0.023984358078300762, 0.27764344765040766, 0.02272759456830148]
2025-11-07 13:45:47,001 - RP_solo_ver2_3 - INFO - 回测完成
2025-11-07 13:49:24,137 - RP_solo_ver2_3 - INFO - ==================================================
读取调仓日成功，调仓日期:
date_example:2013-01-31 00:00:00
date_example:2014-01-30 00:00:00
date_example:2015-01-30 00:00:00...
==================================================
2025-11-07 13:49:30,361 - RP_solo_ver2_3 - INFO - 回测，日期为：2013-01-31 00:00:00，产品为：['000300.SH', '000905.SH', '000852.SH', 'SPX.GI', 'CBA08202.CS', '931552.CSI', 'AU9999.SGE', 'M.DCE']，权重为：[0.012151118264202287, 0.012079725717878948, 0.014116460667319067, 0.07766051503387432, 0.20444232467350296, 0.6338124974204282, 0.027814022220613892, 0.017923336002180164]
2025-11-07 13:49:38,902 - RP_solo_ver2_3 - INFO - 回测，日期为：2014-01-30 00:00:00，产品为：['000300.SH', '000905.SH', '000852.SH', 'SPX.GI', 'CBA08202.CS', '931552.CSI', 'AU9999.SGE', 'M.DCE']，权重为：[0.014434716782673655, 0.013163526215459376, 0.013559678464520475, 0.07447102444191393, 0.16872357423413956, 0.6635577074944814, 0.026896443758146066, 0.025193328608665445]
2025-11-07 13:49:48,125 - RP_solo_ver2_3 - INFO - 回测，日期为：2015-01-30 00:00:00，产品为：['000300.SH', '000905.SH', '000852.SH', 'SPX.GI', 'CBA08202.CS', '931552.CSI', 'AU9999.SGE', 'M.DCE']，权重为：[0.02192505519571106, 0.020108135559671374, 0.01967610420007458, 0.08757932208395496, 0.12680208251647487, 0.6530831257135407, 0.0363446605702154, 0.034481514160357114]
2025-11-07 13:49:56,664 - RP_solo_ver2_3 - INFO - 回测，日期为：2016-01-29 00:00:00，产品为：['000300.SH', '000905.SH', '000852.SH', 'SPX.GI', 'CBA08202.CS', '931552.CSI', 'AU9999.SGE', 'M.DCE']，权重为：[0.02182116923230385, 0.01884621175638252, 0.01738743743768284, 0.07545769931600405, 0.15203874280762378, 0.6195960801691788, 0.04757937879286381, 0.04727328048796029]
2025-11-07 13:50:05,357 - RP_solo_ver2_3 - INFO - 回测，日期为：2017-01-26 00:00:00，产品为：['000300.SH', '000905.SH', '000852.SH', 'SPX.GI', 'CBA08202.CS', '931552.CSI', 'AU9999.SGE', 'M.DCE']，权重为：[0.021424092598853417, 0.01789701861517734, 0.016081785162090006, 0.07588164816411545, 0.1520584954830582, 0.6171949936006901, 0.05502304059650496, 0.04443892577951057]
2025-11-07 13:50:14,195 - RP_solo_ver2_3 - INFO - 回测，日期为：2018-01-31 00:00:00，产品为：['000300.SH', '000905.SH', '000852.SH', 'SPX.GI', 'CBA08202.CS', '931552.CSI', 'AU9999.SGE', 'M.DCE']，权重为：[0.023164036635813352, 0.018373810440749552, 0.016400270470963412, 0.08067790955665387, 0.1534233266144777, 0.6051244433231222, 0.05833035680496288, 0.04450584615325701]
2025-11-07 13:50:23,192 - RP_solo_ver2_3 - INFO - 回测，日期为：2019-01-31 00:00:00，产品为：['000300.SH', '000905.SH', '000852.SH', 'SPX.GI', 'CBA08202.CS', '931552.CSI', 'AU9999.SGE', 'M.DCE']，权重为：[0.023221740771244948, 0.01870494219455775, 0.016753817590974374, 0.07400110358501492, 0.16614361044264922, 0.5948657489053052, 0.0623098878896095, 0.04399914862064406]
2025-11-07 13:50:32,250 - RP_solo_ver2_3 - INFO - 回测，日期为：2020-01-23 00:00:00，产品为：['000300.SH', '000905.SH', '000852.SH', 'SPX.GI', 'CBA08202.CS', '931552.CSI', 'AU9999.SGE', 'M.DCE']，权重为：[0.022914158481114277, 0.018672706045083597, 0.01686915198351863, 0.0717051709849493, 0.170364902828274, 0.5956649488756389, 0.05825549164991616, 0.0455534691515052]
2025-11-07 13:50:41,140 - RP_solo_ver2_3 - INFO - 回测，日期为：2021-01-29 00:00:00，产品为：['000300.SH', '000905.SH', '000852.SH', 'SPX.GI', 'CBA08202.CS', '931552.CSI', 'AU9999.SGE', 'M.DCE']，权重为：[0.02394711946979283, 0.019905908944233892, 0.018146538946228166, 0.06237610081548623, 0.17970924667288118, 0.5876369361077052, 0.057115409782449444, 0.05116273926122322]
2025-11-07 13:50:51,047 - RP_solo_ver2_3 - INFO - 回测，日期为：2022-01-28 00:00:00，产品为：['000300.SH', '000905.SH', '000852.SH', 'SPX.GI', 'CBA08202.CS', '931552.CSI', 'AU9999.SGE', 'M.DCE']，权重为：[0.0250440196848754, 0.02025862231337995, 0.01836149779078602, 0.0612814437349629, 0.17936333607045207, 0.5910534135519543, 0.05441746175630493, 0.050220205097284414]
2025-11-07 13:51:00,918 - RP_solo_ver2_3 - INFO - 回测，日期为：2023-01-31 00:00:00，产品为：['000300.SH', '000905.SH', '000852.SH', 'SPX.GI', 'CBA08202.CS', '931552.CSI', 'AU9999.SGE', 'M.DCE']，权重为：[0.026314638795377775, 0.020167578756504104, 0.017868042766881902, 0.054120351820957896, 0.1827869654933241, 0.5893660442588818, 0.059299486897448433, 0.05007689121062406]
2025-11-07 13:51:10,538 - RP_solo_ver2_3 - INFO - 回测，日期为：2024-01-31 00:00:00，产品为：['000300.SH', '000905.SH', '000852.SH', 'SPX.GI', 'CBA08202.CS', '931552.CSI', 'AU9999.SGE', 'M.DCE']，权重为：[0.028465158726533643, 0.021960797871815797, 0.018994767918807214, 0.05011005459272666, 0.1813735530276841, 0.5819420858447845, 0.06751414563686871, 0.049639436380779355]
2025-11-07 13:51:10,545 - RP_solo_ver2_3 - INFO - 回测完成
2025-11-07 13:51:29,338 - RP_solo_ver2_3 - INFO - ==================================================
读取调仓日成功，调仓日期:
date_example:2013-01-31 00:00:00
date_example:2014-01-30 00:00:00
date_example:2015-01-30 00:00:00...
==================================================
2025-11-07 13:51:34,554 - RP_solo_ver2_3 - INFO - 回测，日期为：2013-01-31 00:00:00，产品为：['Growth_up', 'Growth_down', 'fluent_up', 'fluent_down', 'inflation_up', 'inflation_down']，权重为：[0.022333011853567845, 0.41868646927524966, 0.24430311619142073, 0.022790883978030786, 0.27342181727413456, 0.01846470142759639]
2025-11-07 13:51:40,456 - RP_solo_ver2_3 - INFO - 回测，日期为：2014-01-30 00:00:00，产品为：['Growth_up', 'Growth_down', 'fluent_up', 'fluent_down', 'inflation_up', 'inflation_down']，权重为：[0.023848552822607175, 0.4631909269094527, 0.2422055319745269, 0.02425085683006738, 0.2252307168414471, 0.021273414621898603]
2025-11-07 13:51:45,809 - RP_solo_ver2_3 - INFO - 回测，日期为：2015-01-30 00:00:00，产品为：['Growth_up', 'Growth_down', 'fluent_up', 'fluent_down', 'inflation_up', 'inflation_down']，权重为：[0.033029638713867854, 0.4213914678703038, 0.20451985162490868, 0.0335874698945699, 0.2774095234560734, 0.030062048440276386]
2025-11-07 13:51:51,694 - RP_solo_ver2_3 - INFO - 回测，日期为：2016-01-29 00:00:00，产品为：['Growth_up', 'Growth_down', 'fluent_up', 'fluent_down', 'inflation_up', 'inflation_down']，权重为：[0.028372126311576283, 0.41562247015395465, 0.22000756798285478, 0.028862307084540694, 0.2801047577519877, 0.027030770715086014]
2025-11-07 13:51:57,084 - RP_solo_ver2_3 - INFO - 回测，日期为：2017-01-26 00:00:00，产品为：['Growth_up', 'Growth_down', 'fluent_up', 'fluent_down', 'inflation_up', 'inflation_down']，权重为：[0.026785778893167612, 0.4024204417555318, 0.21335820986013132, 0.027184693860586966, 0.3045023835138023, 0.02574849211678003]
2025-11-07 13:52:02,176 - RP_solo_ver2_3 - INFO - 回测，日期为：2018-01-31 00:00:00，产品为：['Growth_up', 'Growth_down', 'fluent_up', 'fluent_down', 'inflation_up', 'inflation_down']，权重为：[0.027234055947555725, 0.3941801761241396, 0.20768177444540256, 0.02765434244829289, 0.3165239644775904, 0.02672568655701895]
2025-11-07 13:52:07,437 - RP_solo_ver2_3 - INFO - 回测，日期为：2019-01-31 00:00:00，产品为：['Growth_up', 'Growth_down', 'fluent_up', 'fluent_down', 'inflation_up', 'inflation_down']，权重为：[0.027458133885332164, 0.3895566855544202, 0.20909741352602074, 0.027830311133766567, 0.31904597680541785, 0.02701147909504248]
2025-11-07 13:52:13,211 - RP_solo_ver2_3 - INFO - 回测，日期为：2020-01-23 00:00:00，产品为：['Growth_up', 'Growth_down', 'fluent_up', 'fluent_down', 'inflation_up', 'inflation_down']，权重为：[0.027043414270634576, 0.3977762476321295, 0.21343621763410237, 0.027507435360120524, 0.3075632422520727, 0.0266734428509402]
2025-11-07 13:52:18,661 - RP_solo_ver2_3 - INFO - 回测，日期为：2021-01-29 00:00:00，产品为：['Growth_up', 'Growth_down', 'fluent_up', 'fluent_down', 'inflation_up', 'inflation_down']，权重为：[0.0283884867749185, 0.3972057070936124, 0.22062866294794284, 0.02880106420442846, 0.2969132458736695, 0.028062833105428082]
2025-11-07 13:52:24,004 - RP_solo_ver2_3 - INFO - 回测，日期为：2022-01-28 00:00:00，产品为：['Growth_up', 'Growth_down', 'fluent_up', 'fluent_down', 'inflation_up', 'inflation_down']，权重为：[0.02881739119576087, 0.4020796130144869, 0.22219661536856525, 0.029198243258830407, 0.28892957396894126, 0.028778563193415475]
2025-11-07 13:52:29,327 - RP_solo_ver2_3 - INFO - 回测，日期为：2023-01-31 00:00:00，产品为：['Growth_up', 'Growth_down', 'fluent_up', 'fluent_down', 'inflation_up', 'inflation_down']，权重为：[0.027908065786034688, 0.3972552385241177, 0.22173169534542025, 0.02827237801203503, 0.2964732635019962, 0.02835935883039607]
2025-11-07 13:52:34,254 - RP_solo_ver2_3 - INFO - 回测，日期为：2024-01-31 00:00:00，产品为：['Growth_up', 'Growth_down', 'fluent_up', 'fluent_down', 'inflation_up', 'inflation_down']，权重为：[0.028804527528687736, 0.38432055011692795, 0.21257581560605732, 0.029151276159125824, 0.31528354097665057, 0.02986428961255068]
2025-11-07 13:52:34,261 - RP_solo_ver2_3 - INFO - 回测完成
